<?xml version="1.0" encoding="UTF-8"?>
<!-- Generated by org.testng.reporters.JUnitXMLReporter -->
<testsuite hostname="Raval-PC" ignored="0" name="Default test" tests="4" failures="0" timestamp="21 Nov 2018 00:24:28 GMT" time="3.289" errors="0">
  <testcase name="checkResponse" time="2.077" classname="httpget.Testrequests"/>
  <testcase name="postCheck" time="0.381" classname="httpget.Testrequests"/>
  <testcase name="commentsCheck" time="0.084" classname="httpget.Testrequests"/>
  <testcase name="userCheck" time="0.094" classname="httpget.Testrequests"/>
</testsuite> <!-- Default test -->
